W 0x1000
W 0x1008
W 0x1010
W 0x1018
W 0x1020
W 0x1028
W 0x1030
W 0x1038
W 0x1040
W 0x1048
W 0x1050
W 0x1058
W 0x1060
W 0x1068
W 0x1070
W 0x1078
W 0x1080
W 0x1088
W 0x1090
W 0x1098
W 0x10A0
W 0x10A8
W 0x10B0
W 0x10B8
W 0x10C0
W 0x10C8
W 0x10D0
W 0x10D8
W 0x10E0
W 0x10E8
W 0x10F0
W 0x10F8
W 0x1100
W 0x1108
W 0x1110
W 0x1118
W 0x1120
W 0x1128
W 0x1130
W 0x1138
W 0x1140
W 0x1148
W 0x1150
W 0x1158
W 0x1160
W 0x1168
W 0x1170
W 0x1178
W 0x1180
W 0x1188
W 0x1190
W 0x1198
W 0x11A0
W 0x11A8
W 0x11B0
W 0x11B8
W 0x11C0
W 0x11C8
W 0x11D0
W 0x11D8
W 0x11E0
W 0x11E8
W 0x11F0
W 0x11F8
W 0x1200
W 0x1208
W 0x1210
W 0x1218
W 0x1220
W 0x1228
W 0x1230
W 0x1238
W 0x1240
W 0x1248
W 0x1250
W 0x1258
W 0x1260
W 0x1268
W 0x1270
W 0x1278
W 0x1280
W 0x1288
W 0x1290
W 0x1298
W 0x12A0
W 0x12A8
W 0x12B0
W 0x12B8
W 0x12C0
W 0x12C8
W 0x12D0
W 0x12D8
W 0x12E0
W 0x12E8
W 0x12F0
W 0x12F8
W 0x1300
W 0x1308
W 0x1310
W 0x1318
W 0x1320
W 0x1328
W 0x1330
W 0x1338
W 0x1340
W 0x1348
W 0x1350
W 0x1358
W 0x1360
W 0x1368
W 0x1370
W 0x1378
W 0x1380
W 0x1388
W 0x1390
W 0x1398
W 0x13A0
W 0x13A8
W 0x13B0
W 0x13B8
W 0x13C0
W 0x13C8
W 0x13D0
W 0x13D8
W 0x13E0
W 0x13E8
W 0x13F0
W 0x13F8
W 0x1400
W 0x1408
W 0x1410
W 0x1418
W 0x1420
W 0x1428
W 0x1430
W 0x1438
W 0x1440
W 0x1448
W 0x1450
W 0x1458
W 0x1460
W 0x1468
W 0x1470
W 0x1478
W 0x1480
W 0x1488
W 0x1490
W 0x1498
W 0x14A0
W 0x14A8
W 0x14B0
W 0x14B8
W 0x14C0
W 0x14C8
W 0x14D0
W 0x14D8
W 0x14E0
W 0x14E8
W 0x14F0
W 0x14F8
W 0x1500
W 0x1508
W 0x1510
W 0x1518
W 0x1520
W 0x1528
W 0x1530
W 0x1538
W 0x1540
W 0x1548
W 0x1550
W 0x1558
W 0x1560
W 0x1568
W 0x1570
W 0x1578
W 0x1580
W 0x1588
W 0x1590
W 0x1598
W 0x15A0
W 0x15A8
W 0x15B0
W 0x15B8
W 0x15C0
W 0x15C8
W 0x15D0
W 0x15D8
W 0x15E0
W 0x15E8
W 0x15F0
W 0x15F8
W 0x1600
W 0x1608
W 0x1610
W 0x1618
